<?xml version="1.0" encoding="UTF-8"?>
<!-- Generated by org.testng.reporters.JUnitReportReporter -->
<testsuite hostname="Mindtree" name="tests.Hello" tests="1" failures="0" timestamp="11 Jul 2020 17:41:12 GMT" time="4.749" errors="0">
  <testcase name="verifyGooglePageTittle" time="4.749" classname="tests.Hello"/>
</testsuite> <!-- tests.Hello -->
